name:Hghgjgjgj;email:y.admin@airlife.ua;phone:0503108253;source:20140929_forum;DataTime:2015-03-03 07:01;|  
name:test;email:akapral@ukr.net;phone:123456788;source:20140929_forum;DataTime:2015-03-03 08:55;|  
name:test;email:alexandra.kapral@gmail.com;phone:123456;source:20140929_forum;DataTime:2015-03-03 09:01;|  
name:роароапрапр;email:y.admin@airlife.ua;phone:2132121321;source:20140929_forum;DataTime:2015-03-03 10:13;|  
name:Airlife;email:natchep@mail.ru;phone:38067321456;source:20140929_forum;DataTime:2015-03-03 12:21;|  
name:test;email:alexandra.kapral@gmail.com;phone:+380(66) 984-15-68;source:20140929_forum;DataTime:2015-03-03 15:06;|  
name:erqtrqq;email:y.admin@airlife.ua;phone:0255555888;source:20140929_forum;DataTime:2015-03-03 15:29;|  
name:test;email:akapral@ukr.net;phone:+380(66) 984-15-68;source:20140929_forum;DataTime:2015-03-03 15:35;|  
name:etgewtewtreww;email:y.admin@airlife.ua;phone:0503108252;source:20140929_forum;DataTime:2015-03-03 17:14;|  
name:ЭКТ;email:extraclasstour@gmail.com;phone:096 3634133;source:20140929_forum;DataTime:2015-03-04 10:55;|  
name:Airlife;email:dir@airlife.ua;phone:0672303815;source:20140929_forum;DataTime:2015-03-04 12:08;|  
name:werwr;email:yaroslav_mogos@ukr.net;phone:0503108252;source:20140929_forum;DataTime:2015-03-04 12:16;|  
name:Анна;email:lady_ann.d@mail.ru;phone:097 108 45 88;source:20140929_forum;DataTime:2015-03-04 12:17;|  
name:Airlife;email:e.kashperska@gmail.com;phone:0672303815;source:20140929_forum;DataTime:2015-03-04 14:44;|  
name:rewrwrw;email:yaroslav_mogos@ukr.net;phone:0503108252;source:20140929_forum;DataTime:2015-03-04 14:59;|  
name:Airlife;email:e.kashperska@gmail.com;phone:0672303815;source:20140929_forum;DataTime:2015-03-04 16:55;|  
name:Airlife;email:e.kashperska@gmail.com;phone:0672303815;source:20140929_forum;DataTime:2015-03-04 16:55;|  
name:Marta;email:matilda20@ukr.net;phone:0632300453;source:20140929_forum;DataTime:2015-03-05 12:50;|  
name:career4it;email:v.rogachenko@gmail.com;phone:(050) 563 54 58;source:20140929_forum;DataTime:2015-03-05 17:39;|  
name:Шахалова;email:shakhalova@list.ru;phone:0503582599;source:20140929_forum;DataTime:2015-03-05 22:39;|  
name:ТРЦ&quotArt Mall&quot;email:evgerasimenko22@gmail.com;phone:+380672204849;source:20140929_forum;DataTime:2015-03-05 22:47;|  
name:Аэропорт Одесса;email:stepanov2010@gmail.com;phone:0952801188;source:20140929_forum;DataTime:2015-03-06 09:31;|  
name:Monaco-travel;email:khristofka@gmail.com;phone:0636256889;source:20140929_forum;DataTime:2015-03-06 10:57;|  
name:Monaco-travel;email:monacotour1@gmail.com;phone:0638158916;source:20140929_forum;DataTime:2015-03-06 11:00;|  
name:ПРО-ВОСТОК;email:natalia@pro-vostok.com;phone:0503307108;source:20140929_forum;DataTime:2015-03-06 12:10;|  
name:BTL;email:anastasia.zhdanova@btlagency.com;phone:+380675838815;source:20140929_forum;DataTime:2015-03-06 12:19;|  
name:Kvim Travel;email:avia@kvimtravel.kiev.ua;phone:093 673 6260 ;source:20140929_forum;DataTime:2015-03-06 12:23;|  
name:BTL;email:olena.martynchuk@btlagency.com;phone:+380675372787;source:20140929_forum;DataTime:2015-03-06 12:24;|  
name:CHISTYAKOVA TRAVEL AGENCY;email:turkey@bigmir.net;phone:+380445877066;source:20140929_forum;DataTime:2015-03-06 12:30;|  
name:06410025;email:avia@veditour.com.ua;phone:+380683218475;source:20140929_forum;DataTime:2015-03-06 12:31;|  
name:TUI;email:a.sedlinskaya@tui.ua;phone:0675326712;source:20140929_forum;DataTime:2015-03-06 12:31;|  
name:Candytour;email:info@candytour.com.ua;phone:0676566879;source:20140929_forum;DataTime:2015-03-06 12:49;|  
name:Меркурий интур;email:natalybarso@mail.ru;phone:+380 66 916-48-52;source:20140929_forum;DataTime:2015-03-06 13:32;|  
name:travel with us;email:sash-pob@ukr.net;phone:066 847 88 57;source:20140929_forum;DataTime:2015-03-06 13:50;|  
name:Hamalia;email:tsironyan@hamalia.ua;phone:0672478983;source:20140929_forum;DataTime:2015-03-06 14:15;|  
name:Fantazia-Svit Ltd;email:irina.r@svit.aero;phone:+380681810510;source:20140929_forum;DataTime:2015-03-06 14:19;|  
name:travel with us;email:nikolaievaa@gmail.com;phone:0932312531;source:20140929_forum;DataTime:2015-03-06 14:27;|  
name:АО &quotПЛАСКЕ&quot;email:gds@plaske.ua;phone:0503335660;source:20140929_forum;DataTime:2015-03-06 14:35;|  
name:Monaco-Travel;email:monaco.tour.travel@gmail.com;phone:0638158916;source:20140929_forum;DataTime:2015-03-06 14:55;|  
name:72324700;email:avia_kiev@melior.net.ua;phone:0504817111;source:20140929_forum;DataTime:2015-03-06 15:19;|  
name:Аквавита;email:y.kayira@aqua.com.ua;phone:0443913860;source:20140929_forum;DataTime:2015-03-06 15:54;|  
name:wderfwerqf;email:y.admin@airlife.ua;phone:0503108252;source:20140929_forum;DataTime:2015-03-06 17:22;|  
name:7232467;email:novyysvit.director@gmail.com;phone:0567353211;source:20140929_forum;DataTime:2015-03-06 18:56;|  
name:7232467;email:novyysvit.director@gmail.com;phone:0567353211;source:20140929_forum;DataTime:2015-03-06 18:56;|  
name:72324184;email:lyubov0803@gmail.com;phone:+380675318008;source:20140929_forum;DataTime:2015-03-06 20:00;|  
name:парус интер тур;email:lass-t@ukr.net;phone:0975308848;source:20140929_forum;DataTime:2015-03-08 12:51;|  
name:Новое будет*;email:spraynazal2013@yandex.ua;phone:0964618483;source:20140929_forum;DataTime:2015-03-09 08:22;|  
name:Авиафорум;email:adengrains@gmail.com;phone:0934246220;source:20140929_forum;DataTime:2015-03-09 19:17;|  
name:Travel News Magazine;email:yulia.travelnews@gmail.com;phone:0939139675;source:20140929_forum;DataTime:2015-03-10 10:09;|  
name:The 7th Heaven;email:avia@7nebo.com.ua;phone:0673911913;source:20140929_forum;DataTime:2015-03-10 10:44;|  
name:The 7th Heaven;email:avia@7nebo.com.ua;phone:0954257638;source:20140929_forum;DataTime:2015-03-10 10:44;|  
name:Мандривка;email:olga.mandrivka@gmail.com;phone:+380443312848;source:20140929_forum;DataTime:2015-03-10 11:37;|  
name:ТМ ДЕКС;email:anton@deks.ua;phone:+380660059777;source:20140929_forum;DataTime:2015-03-10 11:39;|  
name:Альянс;email:aviaservice@alliance.ua;phone:+380444927286;source:20140929_forum;DataTime:2015-03-10 12:27;|  
name:72324313;email:nat_nes@rambler.ru;phone:380506424675;source:20140929_forum;DataTime:2015-03-10 12:50;|  
name:Ребека-тревел;email:rebeka-travel@ukr.net;phone:0933946037;source:20140929_forum;DataTime:2015-03-10 14:07;|  
name:Обериг Лтд;email:oberig@i.com.ua;phone:0932534404;source:20140929_forum;DataTime:2015-03-10 15:10;|  
name:Взлет Тур;email:vzlyottour@ukr.net;phone:0500369949;source:20140929_forum;DataTime:2015-03-10 15:30;|  
name:Тур-малина;email:tur-malina@yandex.ru;phone:0505933706;source:20140929_forum;DataTime:2015-03-10 17:29;|  
name:Тур-малина;email:tur-malina@yandex.ru;phone:0505933706;source:20140929_forum;DataTime:2015-03-10 17:30;|  
name:Я&ampЯ;email:sovita07@yahoo.com;phone:0672343711;source:20140929_forum;DataTime:2015-03-11 09:14;|  
name:EasyWay;email:n_lukianova@mail.ru;phone:0509810459;source:20140929_forum;DataTime:2015-03-11 09:41;|  
name:Делфа-Тур;email:delfa@delfa.kiev.ua;phone:+380969432836;source:20140929_forum;DataTime:2015-03-11 10:50;|  
name:Bondarchuk;email:al_la_1@mail.ru;phone:06385;source:20140929_forum;DataTime:2015-03-11 10:51;|  
name:Авиатур;email:lida@aviatour.dp.ua;phone:380933504205;source:20140929_forum;DataTime:2015-03-11 10:55;|  
name:emirates;email:evanjelin@i.ua;phone:0633633633;source:20140929_forum;DataTime:2015-03-11 12:02;|  
name:intecotour;email:anastasiyainteko@ukr.net;phone:0673329444;source:20140929_forum;DataTime:2015-03-11 12:59;|  
name:ПИЛОТ;email:avia1041@plt.kiev.ua;phone:3775753;source:20140929_forum;DataTime:2015-03-11 13:11;|  
name:AB Smart Travel;email:iuliia.omelchenko@gmail.com;phone:+380936320118;source:20140929_forum;DataTime:2015-03-11 13:30;|  
name:Candytour;email:olesyaju@i.ua;phone:0676575435;source:20140929_forum;DataTime:2015-03-11 13:37;|  
name:72324700 ;email:tamara@melior.net.ua;phone:+380504818111;source:20140929_forum;DataTime:2015-03-11 14:18;|  
name:72324700 ;email:tamara@melior.net.ua;phone:+380504818111;source:20140929_forum;DataTime:2015-03-11 14:18;|  
name:Sokotra;email:p380637461499@gmail.com;phone:+380931521102;source:20140929_forum;DataTime:2015-03-11 14:19;|  
name:Sokotra;email:p380637461499@gmail.com;phone:+380931521102;source:20140929_forum;DataTime:2015-03-11 14:19;|  
name:Sokotra;email:p380637461499@gmail.com;phone:+380931521102;source:20140929_forum;DataTime:2015-03-11 14:19;|  
name:Валжан;email:akhmet@bk.ru;phone:+380679517639;source:20140929_forum;DataTime:2015-03-11 15:54;|  
name:Мороз;email:morozlora@ukr.net;phone:0983608610;source:20140929_forum;DataTime:2015-03-11 15:58;|  
name:Мороз;email:morozlora@ukr.net;phone:0983608610;source:20140929_forum;DataTime:2015-03-11 15:58;|  
name:Мороз;email:morozlora@ukr.net;phone:0983608610;source:20140929_forum;DataTime:2015-03-11 15:58;|  
name:Мороз;email:morozlora@ukr.net;phone:0983608610;source:20140929_forum;DataTime:2015-03-11 15:59;|  
name:частное лицо;email:irina1310@ukr.net;phone:0674028415;source:20140929_forum;DataTime:2015-03-11 16:05;|  
name:частное лицо;email:irina1310@ukr.net;phone:0674028415;source:20140929_forum;DataTime:2015-03-11 16:05;|  
name:частное лицо;email:irina1310@ukr.net;phone:067 402 84 15;source:20140929_forum;DataTime:2015-03-11 16:05;|  
name:частное лицо;email:irina1310@ukr.net;phone:067 402 84 15;source:20140929_forum;DataTime:2015-03-11 16:05;|  
name:частное лицо;email:irina1310@ukr.net;phone:067 402 84 15;source:20140929_forum;DataTime:2015-03-11 16:05;|  
name:частное лицо;email:irina1310@ukr.net;phone:067 402 84 15;source:20140929_forum;DataTime:2015-03-11 16:05;|  
name:частное лицо;email:irina1310@ukr.net;phone:067 402 84 15;source:20140929_forum;DataTime:2015-03-11 16:05;|  
name:частное лицо;email:irina1310@ukr.net;phone:067 402 84 15;source:20140929_forum;DataTime:2015-03-11 16:05;|  
name:любі друзі;email:york1@mail.ru;phone:+380636174774;source:20140929_forum;DataTime:2015-03-11 17:08;|  
name:INFO-TOUR;email:info_tour@ukr.net;phone:067 9609282;source:20140929_forum;DataTime:2015-03-11 17:56;|  
name:7232467;email:novyysvit.director@gmail.com;phone:0567353211;source:20140929_forum;DataTime:2015-03-11 19:21;|  
name:Вип принт;email:lucky.asterisk@mail.ru;phone:+380979066764;source:20140929_forum;DataTime:2015-03-11 19:26;|  
name:airlife;email:syanya@meta.ua;phone:0673918171 ;source:20140929_forum;DataTime:2015-03-11 21:36;|  
name:airlife;email:syanya@meta.ua;phone:0673918171 ;source:20140929_forum;DataTime:2015-03-11 21:36;|  
name:поехали с нами;email:tbtbystrova@gmail.com;phone:0982925717;source:20140929_forum;DataTime:2015-03-11 21:57;|  
name:alentrada;email:nadovgo@gmai.com;phone:+380930024399;source:20140929_forum;DataTime:2015-03-11 23:31;|  
name:ALL tours;email:anna_kiev@ua.fm;phone:0934609336;source:20140929_forum;DataTime:2015-03-11 23:49;|  
name:Lufthansa;email:bi.g19@hotmail.fr;phone:0638540957;source:20140929_forum;DataTime:2015-03-12 04:05;|  
name:Lufthansa;email:bi.g19@hotmail.fr;phone:0638540957;source:20140929_forum;DataTime:2015-03-12 04:05;|  
name:Martynyuk;email:m.inna_2003@mail.ru;phone:0 999 76 71 73;source:20140929_forum;DataTime:2015-03-12 09:19;|  
name:Ладан;email:assistant1@arzinger.ua;phone:+38 (093) 882-60-46;source:20140929_forum;DataTime:2015-03-12 09:43;|  
name:Arzinger;email:antonpol@ukr.net;phone:0506684474;source:20140929_forum;DataTime:2015-03-12 09:49;|  
name:MTC Group;email:5117677yb@gmail.com;phone:+38 (097) 511-76-77;source:20140929_forum;DataTime:2015-03-12 11:05;|  
name:Здравотур;email:liliya@zdravotour.com;phone:0503537141;source:20140929_forum;DataTime:2015-03-12 11:11;|  
name:Клуб Путешествий;email:alena_pilipenko@ukr.net;phone:(067) 91-01-901;source:20140929_forum;DataTime:2015-03-12 11:13;|  
name:Turprofi.com.ua;email:vo@turprofi.com.ua;phone:0990992552;source:20140929_forum;DataTime:2015-03-12 12:26;|  
name:MMP;email:marketing@mmp-project.net;phone:0674098620;source:20140929_forum;DataTime:2015-03-12 13:22;|  
name:Farvater;email:maylo81@yahoo.com;phone:0505316580;source:20140929_forum;DataTime:2015-03-12 13:24;|  
name:Katola tour;email:katolatour@gmail.com;phone:0932000488;source:20140929_forum;DataTime:2015-03-12 14:24;|  
name:ФОБ Богдасар О.В.;email:comfort.mgp@gmail.com;phone:0443835673;source:20140929_forum;DataTime:2015-03-12 14:43;|  
name:ФОБ Богдасар О.В.;email:comfort.mgp@gmail.com;phone:0443835673;source:20140929_forum;DataTime:2015-03-12 14:45;|  
name:CHEREVATYI;email:vit2307@gmail.com;phone:4955758;source:20140929_forum;DataTime:2015-03-12 15:04;|  
name:Горячие туры;email:0997405144@ukr.net;phone:+380997405144;source:20140929_forum;DataTime:2015-03-12 16:06;|  
name:wayforpay;email:mironyuknataliya@gmail.com;phone:0676394663;source:20140929_forum;DataTime:2015-03-12 16:13;|  
name:wayforpay;email:mironyuknataliya@gmail.com;phone:0676394663;source:20140929_forum;DataTime:2015-03-12 16:13;|  
name:Школа;email:e.shkola@i.ua;phone:+380672554363;source:20140929_forum;DataTime:2015-03-12 16:30;|  
name:Рибер;email:rieber@yandex.ru;phone:0504442160;source:20140929_forum;DataTime:2015-03-12 16:59;|  
name:Коло Тревел;email:info@kolotravel.com;phone:0503865526;source:20140929_forum;DataTime:2015-03-12 19:59;|  
name:ГОРТУРЫ Кременчуг;email:zhmurina5@mail.ru;phone:068-794-75-85;source:20140929_forum;DataTime:2015-03-12 21:06;|  
name:Поїхали ;email:grano@ukr.net;phone:+380675495788;source:20140929_forum;DataTime:2015-03-12 21:24;|  
name:Калиниченко;email:agent232@gmail.com;phone:+38(067)337-03-03;source:20140929_forum;DataTime:2015-03-12 21:52;|  
name:Panpublishing;email:alina.pavlik@mail.ru;phone:+380675379241;source:20140929_forum;DataTime:2015-03-12 22:03;|  
name:МДЦ;email:suzy@ukr.net;phone:+380934400605;source:20140929_forum;DataTime:2015-03-12 22:27;|  
name:Подорож;email:info@podorozh.net;phone:0957192808;source:20140929_forum;DataTime:2015-03-12 23:06;|  
name:Филиппенко;email:filippenko-07@mail.ru;phone:067-7522020;source:20140929_forum;DataTime:2015-03-12 23:35;|  
name:&quotРивьера&quot;email:irakr_68@mail.ru;phone:0675632015;source:20140929_forum;DataTime:2015-03-13 08:39;|  
name:Агентство Новый Свет;email:sergej.filimonov@privatbank.ua;phone:0977126037;source:20140929_forum;DataTime:2015-03-13 10:32;|  
name:Multipass;email:info@multipass.com.ua;phone:0930140008;source:20140929_forum;DataTime:2015-03-13 11:32;|  
name: &quotТурне&quot Кременчуг;email:zhovtyak61@mail.ru;phone:06 353 14 63;source:20140929_forum;DataTime:2015-03-13 12:04;|  
name:Лайф;email:m.oxana75_@mail.ru;phone:0673544001;source:20140929_forum;DataTime:2015-03-13 12:05;|  
name:МЕВУ;email:antonina.lubenets@gmail.com;phone:+380976559315;source:20140929_forum;DataTime:2015-03-13 12:33;|  
name:КиевТревел;email:tanella76@mail.ru;phone:0675328088;source:20140929_forum;DataTime:2015-03-13 12:46;|  
name:эталон к;email:etalon-k@yandex.ru;phone:067-209-31-85;source:20140929_forum;DataTime:2015-03-13 13:06;|  
name:N/A;email:unko2006@gmail.com;phone:00380676578681;source:20140929_forum;DataTime:2015-03-13 13:13;|  
name:ФОП Гусаков Р.С.;email:natgusakova@gmail.com;phone:044 361 0495;source:20140929_forum;DataTime:2015-03-13 13:19;|  
name:100 ДОРОГ;email:100dorogtravel@gmail.com;phone:0509261089;source:20140929_forum;DataTime:2015-03-13 13:30;|  
name:Koraland Travel;email:info@koraland.com;phone:0662396124;source:20140929_forum;DataTime:2015-03-13 13:33;|  
name:турист;email:ksafag@mail.ru;phone:0503480112;source:20140929_forum;DataTime:2015-03-13 13:41;|  
name:Выбор;email:ryabova.vika@gmail.com;phone:0676744582;source:20140929_forum;DataTime:2015-03-13 13:47;|  
name:Idriska Tour;email:rukhlina@idriska-tour.com;phone:+380632879887;source:20140929_forum;DataTime:2015-03-13 16:14;|  
name:Идриска Тур;email:tkachul-elena@mail.ru;phone:06764479198;source:20140929_forum;DataTime:2015-03-13 16:25;|  
name:Идриска Тур;email:tkachul-elena@mail.ru;phone:06764479198;source:20140929_forum;DataTime:2015-03-13 16:25;|  
name:Флеш Тревел;email:polishchuk@flashtravel.com.ua;phone:044 2545503;source:20140929_forum;DataTime:2015-03-13 16:28;|  
name:AVIAUA;email:sales@aviaua.com;phone:0501572227;source:20140929_forum;DataTime:2015-03-13 16:38;|  
name:keeptripwolking;email:lumoss@ukr.net;phone:0674111396;source:20140929_forum;DataTime:2015-03-13 16:40;|  
name:АС-Травел;email:as@as-travel.kiev.ua;phone:044 238 69 59 ;source:20140929_forum;DataTime:2015-03-13 18:04;|  
name:ПП ТФ &quotСкарби світу&quot;email:natalia.skarbi@gmail.com;phone:0505558555;source:20140929_forum;DataTime:2015-03-13 18:07;|  
name:ПП ТФ &quotСкарби світу&quot;email:olga.skarbi@gmail.com;phone:0503704494;source:20140929_forum;DataTime:2015-03-13 18:08;|  
name:Кий Авиа;email:antonenko@kiyavia.com;phone:+380674049052;source:20140929_forum;DataTime:2015-03-13 19:08;|  
name:Alesia;email:a-viter@ukr.net;phone:1111111111;source:20140929_forum;DataTime:2015-03-13 19:14;|  
name:Shevchenko;email:gr-tur@mail.ua;phone:0980720033;source:20140929_forum;DataTime:2015-03-13 19:29;|  
name:турист;email:vika1511@bigmir.net;phone:0673600077 ;source:20140929_forum;DataTime:2015-03-13 20:36;|  
name:турист;email:vika1511@bigmir.net;phone:0673600077 ;source:20140929_forum;DataTime:2015-03-13 20:36;|  
name:ФЛП Колесник О. В.;email:tourcoop2010@yandex.ua;phone:+380679711387;source:20140929_forum;DataTime:2015-03-14 00:13;|  
name:Im ;email:k2on@mail.ru;phone:0506492358;source:20140929_forum;DataTime:2015-03-14 07:08;|  
name:LEO-Travel;email:joinup.agency@gmail.com;phone:+380(63)3731333;source:20140929_forum;DataTime:2015-03-14 08:37;|  
name:LEO-Travel;email:vorobei.irina@gmail.com;phone:+380937395757;source:20140929_forum;DataTime:2015-03-14 08:41;|  
name:LEO-Travel;email:vorobei.irina@gmail.com;phone:+380937395757;source:20140929_forum;DataTime:2015-03-14 08:41;|  
name:Ponochevna;email:svponochevnaya@gmail.com;phone:+380504430994;source:20140929_forum;DataTime:2015-03-14 11:55;|  
name:частное лицо;email:lalo4ka@i.ua;phone:0958206554;source:20140929_forum;DataTime:2015-03-14 13:13;|  
name:В2С;email:3.14piday@mail.ru;phone:+380995437555;source:20140929_forum;DataTime:2015-03-14 14:25;|  
name:ТУИ;email:alexei.arkhipov@gmail.com;phone:050 441 1436;source:20140929_forum;DataTime:2015-03-14 15:04;|  
name:Планета-Тревэл;email:vzlet100@mail.ru;phone:0978960000;source:20140929_forum;DataTime:2015-03-14 17:15;|  
name:aviatur;email:sara.fettouhi@yahoo.com;phone:+380938669060;source:20140929_forum;DataTime:2015-03-14 17:21;|  
name:fireflies;email:innarodyuk@gmail.com;phone:0674441083;source:20140929_forum;DataTime:2015-03-14 17:57;|  
name:частное лицо;email:kievkiev14@gmail.com;phone:0935602480;source:20140929_forum;DataTime:2015-03-14 19:21;|  
name:Винницкий паломник;email:vinpalomnik@gmail.com;phone:0976303562;source:20140929_forum;DataTime:2015-03-14 20:10;|  
name:ФЛП Чернявская ;email:aestour@mail.ru;phone:0503013673;source:20140929_forum;DataTime:2015-03-14 20:20;|  
name:Турист;email:samasebevesna@gmail.com;phone:+380936114537;source:20140929_forum;DataTime:2015-03-14 21:23;|  
name:Anna;email:aanet111@gmail.com;phone:0672908609;source:20140929_forum;DataTime:2015-03-14 21:38;|  
name:1+1 media;email:fedorenkolesia@gmail.com;phone:0673348456;source:20140929_forum;DataTime:2015-03-14 23:13;|  
name:частное лицо;email:oksana.t.z@gmail.com;phone:0505969642;source:20140929_forum;DataTime:2015-03-14 23:20;|  
name:а/к Эмирейтс;email:ek4ever@ukr.net;phone:0503160405;source:20140929_forum;DataTime:2015-03-14 23:58;|  
name:просто турист;email:my_doc@ukr.net;phone:0668879288;source:20140929_forum;DataTime:2015-03-15 00:52;|  
name:турист;email:ksusha-tk@yandex.ru;phone:050-442-73+14;source:20140929_forum;DataTime:2015-03-15 01:20;|  
name:Ника;email:vrudyuk@mail.ru;phone:+380974446269;source:20140929_forum;DataTime:2015-03-15 07:56;|  
name:ПИЛОТ;email:tetiana_1013@bigmir.net;phone:067-272-06-72;source:20140929_forum;DataTime:2015-03-15 10:58;|  
name:Путешественник ;email:zarechnayaa@mail.ru;phone:0507412949;source:20140929_forum;DataTime:2015-03-15 11:36;|  
name:Жовтун;email:oksana409@ukr.net;phone:0677786272;source:20140929_forum;DataTime:2015-03-15 11:57;|  
name:Жовтун;email:vikazhovtuun499@ukr.net;phone:0639481284;source:20140929_forum;DataTime:2015-03-15 11:58;|  
name:Oil ;email:spirt_dk@rambler.ru;phone:0503031955;source:20140929_forum;DataTime:2015-03-15 13:20;|  
name:Oil ;email:spirt_dk@rambler.ru;phone:0503031955;source:20140929_forum;DataTime:2015-03-15 13:20;|  
name:частное лицо ;email:mmsmishka@yahoo.com;phone:0632240897;source:20140929_forum;DataTime:2015-03-15 14:21;|  
name:Поехали с Нами;email:samavi_7@mail.ru;phone:0937201103;source:20140929_forum;DataTime:2015-03-15 18:11;|  
name:Частное лицо;email:piliaeva_na@ukr.net;phone:0503856077;source:20140929_forum;DataTime:2015-03-15 18:19;|  
name:Частное лицо;email:fesenko-cra@ukr.net;phone:0672355990;source:20140929_forum;DataTime:2015-03-15 18:20;|  
name:Частное лицо;email:amoremio2505@mail.ru;phone:0636312395;source:20140929_forum;DataTime:2015-03-15 19:36;|  
name:Путешественник;email:s@sfoods.org;phone:0675213121;source:20140929_forum;DataTime:2015-03-15 19:49;|  
name:Турист;email:tranin@mail.ua;phone:+380503513671;source:20140929_forum;DataTime:2015-03-15 20:22;|  
name:feya;email:lyudas09@mail.ru;phone:+380664988606;source:20140929_forum;DataTime:2015-03-15 20:47;|  
name: Сумы;email:tr35@i.ua;phone:0502208216;source:20140929_forum;DataTime:2015-03-15 21:42;|  
name:may;email:maria.torelli@yandex.ru;phone:0662979504;source:20140929_forum;DataTime:2015-03-15 22:12;|  
name:I love Asia;email:logvynenko@gmail.com;phone:0668863567;source:20140929_forum;DataTime:2015-03-15 22:36;|  
name:Физ лицо;email:cyber.zheka@gmail.com;phone:+380934881571;source:20140929_forum;DataTime:2015-03-16 00:29;|  
name:pleon;email:lesiaklochai@gmail.com;phone:0672633703;source:20140929_forum;DataTime:2015-03-16 08:37;|  
name:bambarbia;email:elenakhotyuk@gmail.com;phone:+380989636263;source:20140929_forum;DataTime:2015-03-16 10:17;|  
name:Noname;email:dmaksymova@gmail.com;phone:+380504636056;source:20140929_forum;DataTime:2015-03-16 10:35;|  
name:литвин;email:ksunicka@yandex.ru;phone:0679557930;source:20140929_forum;DataTime:2015-03-16 11:40;|  
name:FCm Ulraine;email:lyudmyla.laskina@ua.fcm.travel;phone:0503113380;source:20140929_forum;DataTime:2015-03-16 12:38;|  
name:Джумейра;email:svitlanis@gmail.com;phone:0503847123;source:20140929_forum;DataTime:2015-03-16 12:41;|  
name:лепко;email:anna.lyepko@gmail.com;phone:0674423644;source:20140929_forum;DataTime:2015-03-16 12:42;|  
name:Часное лицо;email:shalabay@ukr.net;phone:+380671599857;source:20140929_forum;DataTime:2015-03-16 12:44;|  
name:Орбита ;email:avia@orbita.ua;phone:050 3300075;source:20140929_forum;DataTime:2015-03-16 12:59;|  
name:Делфа-Тур;email:delfa@delfa.kiev.ua;phone:+380969432836;source:20140929_forum;DataTime:2015-03-16 13:05;|  
name:Белла трейд;email:zoya.uchova@tzmo.com.pl;phone:0504167943;source:20140929_forum;DataTime:2015-03-16 13:38;|  
name:Прада тревел;email:alina.s@pradatravel.com.ua;phone:0967742228;source:20140929_forum;DataTime:2015-03-16 14:34;|  
name:Мандри клаб;email:natali_neva@mail.ru;phone:0506557787;source:20140929_forum;DataTime:2015-03-16 15:04;|  
name:Лазурный берег;email:gakor@mail.ru;phone:067 752 74 66;source:20140929_forum;DataTime:2015-03-16 15:04;|  
name:Лазурный берег;email:gakor@mail.ru;phone:067 752 74 66;source:20140929_forum;DataTime:2015-03-16 15:04;|  
name:путешественник;email:ykoblyk@actavis.com.ua;phone:+380503137858;source:20140929_forum;DataTime:2015-03-16 15:11;|  
name:Светлана;email:svetlana.starun@gmail.com;phone:+380672338182;source:20140929_forum;DataTime:2015-03-16 15:33;|  
name:Energypost;email:e.tebiakin@energypost.com.ua;phone:0503106190;source:20140929_forum;DataTime:2015-03-16 15:33;|  
name:Edinitsa;email:edinitsa@ukr.net;phone:0975603574;source:20140929_forum;DataTime:2015-03-16 15:50;|  
name:Андрощук;email:helena-sunshine@mail.ru;phone:+380503898345;source:20140929_forum;DataTime:2015-03-16 16:26;|  
name:Асти-тур ;email:divchuna@gmail.com;phone:0668700521;source:20140929_forum;DataTime:2015-03-16 16:46;|  
name:турист;email:stalapova@ukr.net;phone:0958826364;source:20140929_forum;DataTime:2015-03-16 16:59;|  
name:President Hotel;email:meetings@presidenthotel.com.ua;phone:0675554702;source:20140929_forum;DataTime:2015-03-16 17:16;|  
name:Аристея Тур;email:soboleva.ann@gmail.com;phone:0930335033;source:20140929_forum;DataTime:2015-03-16 17:27;|  
name:Pilot;email:kateryna_velychko@mail.ru;phone:380930709608;source:20140929_forum;DataTime:2015-03-16 17:40;|  
name:DREAMTOUR;email:605110@i.ua;phone:0503074705;source:20140929_forum;DataTime:2015-03-16 19:18;|  
name:В2С;email:svlana_@mail.ru;phone:+380934297863;source:20140929_forum;DataTime:2015-03-16 21:15;|  
name:Daniel;email:elenaki@ukr.net;phone:80509807661;source:20140929_forum;DataTime:2015-03-16 22:30;|  
name:имотур;email:nadia@imotour.com;phone:0442273282;source:20140929_forum;DataTime:2015-03-16 22:40;|  
name:Университет;email:victoryshe@gmail.com;phone:+38(067)505-57-32;source:20140929_forum;DataTime:2015-03-16 23:01;|  
name:GodenTour;email:marina-godynyuk@yandex.ru;phone:+380956936329;source:20140929_forum;DataTime:2015-03-17 00:35;|  
name:adasasa;email:y.admin@airlife.ua;phone:0503108252;source:20140929_forum;DataTime:2015-03-17 09:02;|  
name:ООО &quotСимпли Контакт&quot;email:e.guzey@simplycontact.com.ua;phone:+380935776966;source:20140929_forum;DataTime:2015-03-17 09:41;|  
name:Music Box UA;email:elena_mischuk@ukr.net;phone:+380950971816;source:20140929_forum;DataTime:2015-03-17 12:15;|  
name:АСТА;email:irina@asta.kiev.ua;phone:0979234599;source:20140929_forum;DataTime:2015-03-17 12:54;|  
name:Президент отель ;email:marketing@presidenthotel.com.ua;phone:0504696146;source:20140929_forum;DataTime:2015-03-17 13:19;|  
name:Артекс-94;email:olga@artex.com.ua;phone:0664335581;source:20140929_forum;DataTime:2015-03-17 14:11;|  
name:АВИАЛИГА;email:katrin.porupa@ukr.net;phone:0502871597;source:20140929_forum;DataTime:2015-03-17 14:49;|  
name:Hobby Tour;email:hobby.tour@yandex.ua;phone:+380660082859;source:20140929_forum;DataTime:2015-03-17 14:51;|  
name:Cruise&ampTravel;email:travel.menu@yandex.ru;phone:0612140014;source:20140929_forum;DataTime:2015-03-17 15:05;|  
name:Кирьянова;email:asakusa@cabletv.dp.ua;phone:+38(067)4675557;source:20140929_forum;DataTime:2015-03-17 15:23;|  
name:Глобус-Украина;email:lidiya@globusua.com;phone:+380 50 308 92 75;source:20140929_forum;DataTime:2015-03-17 15:32;|  
name:ФЩП Садова Т.І;email:luckytour77@bk.ru;phone:(095)512-33-83;source:20140929_forum;DataTime:2015-03-17 16:02;|  
name:нет;email:romen@3g.ua;phone:0678462020;source:20140929_forum;DataTime:2015-03-17 16:03;|  
name:Скульська;email:tanelka78@mail.ru;phone:067-602-94-68;source:20140929_forum;DataTime:2015-03-17 16:24;|  
name:частное лицо;email:dsuzdalova988@gmail.com;phone:093-127-39-69;source:20140929_forum;DataTime:2015-03-17 16:40;|  
name:GENEZYS+;email:genezystour@mail.ru;phone:+380667674622;source:20140929_forum;DataTime:2015-03-17 17:06;|  
name:GENEZYS+;email:genezystour@mail.ru;phone:0667674622;source:20140929_forum;DataTime:2015-03-17 17:10;|  
name:Ишунина;email:turkey@bigmir.net;phone:+ 38 044 5877066;source:20140929_forum;DataTime:2015-03-17 17:22;|  
name:ФЛП БРУСЕНЦОВА;email:tur_obuhov@ukr.net;phone:0933773746;source:20140929_forum;DataTime:2015-03-17 17:32;|  
name:Пасько;email:5923940@gmail.com;phone:0503809738;source:20140929_forum;DataTime:2015-03-17 17:48;|  
name:Пасько;email:5923940@gmail.com;phone:0503809738;source:20140929_forum;DataTime:2015-03-17 17:48;|  
name:Avanti;email:belgon@mail.ru;phone:0502222188;source:20140929_forum;DataTime:2015-03-17 21:20;|  
name:none;email:gonnaseeyou@hotmail.com;phone:0936463355;source:20140929_forum;DataTime:2015-03-17 21:28;|  
name:Ноги в руки;email:natsolodko@yandex.ru;phone:0504480315;source:20140929_forum;DataTime:2015-03-17 22:31;|  
name:Ноги в руки;email:natsolodko@yandex.ru;phone:0504480315;source:20140929_forum;DataTime:2015-03-17 22:31;|  
name:vremena goda;email:husam23a@yahoo.com;phone:00380637642753;source:20140929_forum;DataTime:2015-03-18 00:02;|  
name:Турист;email:bodr1k@i.ua;phone:0933598643;source:20140929_forum;DataTime:2015-03-18 00:40;|  
name:Турист;email:bodr1k@i.ua;phone:0933598643;source:20140929_forum;DataTime:2015-03-18 00:40;|  
name:Юшина;email:mag-ulada@mail.ru;phone:0681009685;source:20140929_forum;DataTime:2015-03-18 08:01;|  
name:B2C;email:tararina@ukr.net;phone:0977303238;source:20140929_forum;DataTime:2015-03-18 08:53;|  
name:B2C;email:tararina@ukr.net;phone:0977303238;source:20140929_forum;DataTime:2015-03-18 08:53;|  
name:Creditwest Bank;email:tetyana.efremova@creditwest.ua;phone:0931483358;source:20140929_forum;DataTime:2015-03-18 09:04;|  
name:Президент отель;email:restdirector@presidenthotel.com.ua;phone:+380952793670;source:20140929_forum;DataTime:2015-03-18 09:05;|  
name:Мороз;email:veronik-a@mail.ru;phone:0509103870;source:20140929_forum;DataTime:2015-03-18 09:54;|  
name:АГП &quotНавколо Світу&quot;email:dir@navkolosvity.com.ua;phone:0973710904;source:20140929_forum;DataTime:2015-03-18 10:53;|  
name:Бучко;email:dir@navkolosvity.com.ua;phone:0972144684;source:20140929_forum;DataTime:2015-03-18 10:54;|  
name:Кисильова;email:monbel@ro.ru;phone:0977845184;source:20140929_forum;DataTime:2015-03-18 11:14;|  
name:Турист;email:y.shypilova@gmail.com;phone:0504000760;source:20140929_forum;DataTime:2015-03-18 11:24;|  
name:Бтв тур;email:okash@yandex.ru;phone:0503167139;source:20140929_forum;DataTime:2015-03-18 12:44;|  
name:sunnyday;email:kseniia2310@gmail.com;phone:0954153153;source:20140929_forum;DataTime:2015-03-18 13:21;|  
name:ибтпбоп;email:ggg@jmhjh;phone:343543254;source:20140929_forum;DataTime:2015-03-18 14:03;|  
name:tamo;email:temor1984@hotmail.com;phone:0939900252;source:20140929_forum;DataTime:2015-03-18 14:49;|  
name:Остапчук;email:onn2007@nm.ru;phone:+380674014316;source:20140929_forum;DataTime:2015-03-18 15:19;|  
name:Св-тур;email:sv-tour@mail.ru;phone:0443315223;source:20140929_forum;DataTime:2015-03-18 15:43;|  
name:авиалайн;email:fecir@mail.ru;phone:0977010062;source:20140929_forum;DataTime:2015-03-18 17:25;|  
name:Сварог тур;email:ludika47@mail.ru;phone:0676176905;source:20140929_forum;DataTime:2015-03-18 18:10;|  
name:Петренко;email:aviaduty@zagorye.ua;phone:+380994779011;source:20140929_forum;DataTime:2015-03-18 18:24;|  
name:Эльскор Экспресс;email:kyarich@gmail.com;phone:0503117661;source:20140929_forum;DataTime:2015-03-18 18:26;|  
name:ТК Загорье;email:aviaduty@zagorye.ua;phone:+380994779011;source:20140929_forum;DataTime:2015-03-18 18:26;|  
name:Натали турс Украина;email:andrey1995@ukr.net;phone:0631003516;source:20140929_forum;DataTime:2015-03-18 20:03;|  
name:Натали турс Украина;email:dmitriy-1988@ukr.net;phone:0979952734;source:20140929_forum;DataTime:2015-03-18 20:10;|  
name:Turkish Airlines;email:zinaida.piddubna@gmail.com;phone:00380672203239;source:20140929_forum;DataTime:2015-03-18 23:25;|  
name:КНЛУ ;email:veranya1606@gmail.com;phone:0964224817;source:20140929_forum;DataTime:2015-03-19 06:30;|  
name:КНЛУ ;email:veranya1606@gmail.com;phone:0964224817;source:20140929_forum;DataTime:2015-03-19 06:30;|  
name:КНЛУ ;email:veranya1606@gmail.com;phone:0964224817;source:20140929_forum;DataTime:2015-03-19 06:30;|  
name:Саквояж;email:zozulka0408@gmail.com;phone:+380964560727;source:20140929_forum;DataTime:2015-03-19 07:24;|  
name:турист;email:popatenko@meta.ua;phone:+380958465589;source:20140929_forum;DataTime:2015-03-19 08:25;|  
name:---;email:voinalovich22@mail.ru;phone:0671551458;source:20140929_forum;DataTime:2015-03-19 09:24;|  
name:---;email:olga_kachan@i.ua;phone:0969797737;source:20140929_forum;DataTime:2015-03-19 09:29;|  
name:---;email:olga_kachan@i.ua;phone:0969797737;source:20140929_forum;DataTime:2015-03-19 09:29;|  
name:Бюро подорожей;email:byuropodorozhey@mail.ru;phone:0991745551;source:20140929_forum;DataTime:2015-03-19 11:11;|  
name:Романтика-тревел;email:romantica-travel@ukr.net;phone:+380504705058;source:20140929_forum;DataTime:2015-03-19 11:52;|  
name:&quotТурне&quot Кременчуг;email:zhovtyak61@mail.ru;phone:063 353 14 6 3;source:20140929_forum;DataTime:2015-03-19 12:25;|  
name:Макарова;email:info.podtr@gmail.com;phone:0675034774;source:20140929_forum;DataTime:2015-03-19 12:28;|  
name:Дика;email:boss.podillya.travel@gmail.com;phone:0675034774;source:20140929_forum;DataTime:2015-03-19 12:30;|  
name:Travelport;email:maria@galileo.com.ua;phone:2909444;source:20140929_forum;DataTime:2015-03-19 12:32;|  
name:ООО &quotАнтония-Тревел&quot;email:director_travel@ukr.net;phone:+380502779776;source:20140929_forum;DataTime:2015-03-19 12:34;|  
name:TPG;email:iryna.popova@tpg.ua;phone:0974802488;source:20140929_forum;DataTime:2015-03-19 12:49;|  
name:Парадиз;email:k_ann@list.ru;phone:0636223034;source:20140929_forum;DataTime:2015-03-19 12:58;|  
name:Элит Турс;email:office@elittours.com;phone:+380937050803;source:20140929_forum;DataTime:2015-03-19 13:09;|  
name:Индиан Холидей;email:lidiyamokraya@mail.ru;phone:0988524038;source:20140929_forum;DataTime:2015-03-19 13:26;|  
name:YES TOUR;email:iobecz90@gmail.com;phone:0976410502;source:20140929_forum;DataTime:2015-03-19 13:28;|  
name:BrightLife;email:travel1@bl.com.ua;phone:0956019721;source:20140929_forum;DataTime:2015-03-19 13:30;|  
name:Regina;email:regishka@ukr.net;phone:0504934443;source:20140929_forum;DataTime:2015-03-19 14:22;|  
name:TAM;email:tam2@tam.kiev.ua;phone:+38(044)3838694;source:20140929_forum;DataTime:2015-03-19 14:49;|  
name:Сиклум;email:kau@ciklum.com;phone:+380674066439;source:20140929_forum;DataTime:2015-03-19 15:28;|  
name:&quotЕПІЦЕНТР К&quot;email:avia@epicentrk.com.ua;phone:0952740836;source:20140929_forum;DataTime:2015-03-19 15:40;|  
name:Cilum;email:asam@ciklum.com;phone:+38 (099) 921-97-19;source:20140929_forum;DataTime:2015-03-19 15:51;|  
name:Турфирма &quotДанаприс&quot;email:titomyr@svitonline.com;phone:+380984652068;source:20140929_forum;DataTime:2015-03-19 16:07;|  
name:Поехали С Нами;email:leto@poehalisnami.com;phone:0970405664;source:20140929_forum;DataTime:2015-03-19 16:22;|  
name:ОРИОН;email:oriontravel@gmail.com;phone:097373-45-43;source:20140929_forum;DataTime:2015-03-19 16:44;|  
name:ФОП Гончаренко Елена Михайловна;email:traveling@bigmir.net;phone:0502953114;source:20140929_forum;DataTime:2015-03-19 17:08;|  
name:Дрим Тревел;email:avia@dreamtravel.com.ua;phone:+380955676956;source:20140929_forum;DataTime:2015-03-19 17:21;|  
name:журналист;email:dmytro.ulianytskyi@gmail.com;phone:+380667266583;source:20140929_forum;DataTime:2015-03-19 17:35;|  
name:ФЛП Чернявская ;email:aestour@mail.ru;phone:+380503013673;source:20140929_forum;DataTime:2015-03-19 21:04;|  
name:Милан;email:sumy.milan@mail.ru;phone:0508112121;source:20140929_forum;DataTime:2015-03-19 21:34;|  
name:Turne;email:ng@turne.com.ua;phone:0505353420;source:20140929_forum;DataTime:2015-03-19 22:00;|  
name:Сергеевна;email:Лариса;phone:11.09.1975 г.р.;source:20140929_forum;DataTime:2015-03-20 07:11;|  
name:Сергеевна;email:Лариса;phone:11.09.1975 г.р.;source:20140929_forum;DataTime:2015-03-20 07:11;|  
name:Сергеевна;email:Лариса;phone:11.09.1975 г.р.;source:20140929_forum;DataTime:2015-03-20 07:11;|  
name:Сергеевна;email:Лариса;phone:11.09.1975 г.р.;source:20140929_forum;DataTime:2015-03-20 07:11;|  
name:Сергеевна;email:Лариса;phone:11.09.1975 г.р.;source:20140929_forum;DataTime:2015-03-20 07:11;|  
name:Сергеевна;email:Лариса;phone:11.09.1975 г.р.;source:20140929_forum;DataTime:2015-03-20 07:11;|  
name:Сергеевна;email:Лариса;phone:11.09.1975 г.р.;source:20140929_forum;DataTime:2015-03-20 07:11;|  
name:Сергеевна;email:Лариса;phone:11.09.1975 г.р.;source:20140929_forum;DataTime:2015-03-20 07:11;|  
name:Ворлдсервис групп;email:igor@worldservice.ua;phone:0672090859;source:20140929_forum;DataTime:2015-03-20 09:21;|  
name:америго;email:maxnastia@mail.ru;phone:0931933305;source:20140929_forum;DataTime:2015-03-20 09:54;|  
name:Водолеева;email:avia@milend.com.ua;phone:044-207-59-85;source:20140929_forum;DataTime:2015-03-20 11:47;|  
name:Польфарма;email:palic@mail.ru;phone:0674032377;source:20140929_forum;DataTime:2015-03-20 11:50;|  
name:B2C;email:oliainfiniti@gmail.com;phone:0634648677;source:20140929_forum;DataTime:2015-03-20 11:57;|  
name:Алтис;email:andrey@altis.kiev.ua;phone:+380952830103;source:20140929_forum;DataTime:2015-03-20 13:19;|  
name:Luxoft;email:nad22@ukr.net;phone:0667788988;source:20140929_forum;DataTime:2015-03-20 14:00;|  
name:T&ampT Travel team;email:pitenko@ukr.net;phone:0503135806;source:20140929_forum;DataTime:2015-03-20 14:06;|  
name:TRUKHANSKA;email:t_olesya@ukr.net;phone:+380933576060;source:20140929_forum;DataTime:2015-03-20 14:14;|  
name:ANIKO-2000;email:vika_aniko@ukr.net;phone:0979520078;source:20140929_forum;DataTime:2015-03-20 14:38;|  
name:ТОВ &quotТА&quotРест-тревел&quot;email:ludok75@ukr.net;phone:0503870264;source:20140929_forum;DataTime:2015-03-20 14:41;|  
name:Турмикс;email:katerina0910@ukr.net;phone:0632596129;source:20140929_forum;DataTime:2015-03-20 14:42;|  
name:ПП Фирма-САКМА-ТУР;email:travel@sakma.com.ua;phone:0362-62-33-36;source:20140929_forum;DataTime:2015-03-20 14:49;|  
name:B2C;email:johnnyignatov@mail.ru;phone:+380632854231;source:20140929_forum;DataTime:2015-03-20 15:06;|  
name:Land Travel;email:iren@land-travel.kiev.ua;phone:0934296601;source:20140929_forum;DataTime:2015-03-20 15:16;|  
name:Pac Group Ukraine;email:a.zadvornaya@kiev.pac.ru;phone:0935483873;source:20140929_forum;DataTime:2015-03-20 15:19;|  
name:Твоя мечта ;email:md-m@bk.ru;phone:+380672470088;source:20140929_forum;DataTime:2015-03-20 15:38;|  
name:IRST UKRAINE;email:directour1@gmail.com;phone:0675024005;source:20140929_forum;DataTime:2015-03-20 16:05;|  
name:Таубе;email:tauzerr@gmail.com;phone:+380966625455;source:20140929_forum;DataTime:2015-03-20 17:03;|  
name:Бюро подорожей;email:byuropodorozhey@mail.ru;phone:0991745551;source:20140929_forum;DataTime:2015-03-20 17:17;|  
name:Восторчный мост;email:larisa.kolenko@gmail.com;phone:+38 067 444 62 20;source:20140929_forum;DataTime:2015-03-20 18:57;|  
name:Взлет Тур;email:vzlyottour@ukr.net;phone:050-547-48-19;source:20140929_forum;DataTime:2015-03-20 23:10;|  
name:Турист;email:bogdancevaolga@mail.ru;phone:+380677441883;source:20140929_forum;DataTime:2015-03-21 07:07;|  
name:Турист;email:bogdancevaolga@mail.ru;phone:+380677441883;source:20140929_forum;DataTime:2015-03-21 07:07;|  
name:Турист;email:bogdancevaolga@mail.ru;phone:+380677441883;source:20140929_forum;DataTime:2015-03-21 07:07;|  
name:Турист;email:bogdancevaolga@mail.ru;phone:+380677441883;source:20140929_forum;DataTime:2015-03-21 07:08;|  
name:фіз.особа;email:krav_tan@yahoo.com;phone:0504505505;source:20140929_forum;DataTime:2015-03-21 07:41;|  
name:iryna;email:didoha@inbox.ru;phone:0679395399;source:20140929_forum;DataTime:2015-03-21 10:36;|  
name:Лейшина;email:odessa_72@mail.ru;phone:0487027362;source:20140929_forum;DataTime:2015-03-21 14:48;|  
name:IC Handling;email:sergey.liakhov@mail.ru;phone:00380677220139;source:20140929_forum;DataTime:2015-03-21 14:55;|  
name:нет;email:yuafanaseva@ukr. net;phone:0669259009;source:20140929_forum;DataTime:2015-03-21 15:51;|  
name:Микухо-Маклай;email:akaras777@ukr.net;phone:+380675234777;source:20140929_forum;DataTime:2015-03-21 16:14;|  
name:Татур;email:mila311283@gmail.com;phone:0674308943;source:20140929_forum;DataTime:2015-03-21 19:24;|  
name:TRU (BC, Canada);email:katyuska@bigmir.net;phone:+380636408493;source:20140929_forum;DataTime:2015-03-21 19:48;|  
name:Институт ИКАО;email:cuttie@ukr.net;phone:+380683002666;source:20140929_forum;DataTime:2015-03-21 19:52;|  
name:Институт ИКАО;email:eduicao@nau.edu.ua;phone:+380679654650;source:20140929_forum;DataTime:2015-03-21 19:53;|  
name:STAR EDU CONSULT;email:sradyf@mail.ru;phone:+380 67 89 63521;source:20140929_forum;DataTime:2015-03-21 20:09;|  
name:taban airlines;email:behrouz.golestane@yahoo.com;phone:0978180202;source:20140929_forum;DataTime:2015-03-21 22:17;|  
name:Гиренкова;email:girenkova@yandex.ru;phone:+380672352059;source:20140929_forum;DataTime:2015-03-21 22:21;|  
name:экзотик дрим;email:pashkovsky@ukr.net;phone:0504627279;source:20140929_forum;DataTime:2015-03-21 22:35;|  
name:экзотик дрим;email:pashkovsky@ukr.net;phone:0504627279;source:20140929_forum;DataTime:2015-03-21 22:35;|  
name:АГАМА;email:evka-evka@yandex.ru;phone:0503524942;source:20140929_forum;DataTime:2015-03-22 06:38;|  
name:Инфотон;email:chaika@infoton.kiev.ua;phone:0503572640;source:20140929_forum;DataTime:2015-03-22 07:45;|  
name:Частное лицо;email:atamansergiy@gmail.com;phone:+380674656181;source:20140929_forum;DataTime:2015-03-22 08:02;|  
name:Интерконтинент;email:t777@i.ua;phone:050 5447927;source:20140929_forum;DataTime:2015-03-22 12:10;|  
name:Бротур;email:krs-centr@yandex.ru;phone:+38(067) 633-1080;source:20140929_forum;DataTime:2015-03-22 15:15;|  
name:Райдер;email:anastazjabri@gmail.com;phone:+380990477991;source:20140929_forum;DataTime:2015-03-22 16:39;|  
name:Сысова;email:zvezdamanxettena@gmail.com;phone:+380978870167;source:20140929_forum;DataTime:2015-03-22 17:26;|  
name:emirates;email:strinjsr@gmail.com;phone:0685804699;source:20140929_forum;DataTime:2015-03-22 17:45;|  
name:   airlife;email:cleopatra_ttt@mail.ru;phone:+201090452846;source:20140929_forum;DataTime:2015-03-22 18:53;|  
name:Пронта-тур ;email:alla@pronta.com.ua;phone:0672368294;source:20140929_forum;DataTime:2015-03-22 19:13;|  
name:&quotХай Вей&quot;email:otsytsenko@gmail.com;phone:066 261 18 16;source:20140929_forum;DataTime:2015-03-22 20:07;|  
name:Best travel agency;email:bta.kiev@yandex.ua;phone:0675077210;source:20140929_forum;DataTime:2015-03-22 20:15;|  
name:Travel Studio;email:natalia@travelstudio.com.ua;phone:+380673112260;source:20140929_forum;DataTime:2015-03-22 20:23;|  
name:Tvoy Kompas;email:stelli@i.ua;phone:+380989908698;source:20140929_forum;DataTime:2015-03-22 20:24;|  
name:Турист;email:natamar91@mail.ru;phone:+380934114902;source:20140929_forum;DataTime:2015-03-22 20:58;|  
name:Cityservice;email:msha@ua.fm;phone:0503131311;source:20140929_forum;DataTime:2015-03-22 21:31;|  
name:AAA;email:luminlux@gmail.com;phone:+380508888619;source:20140929_forum;DataTime:2015-03-22 21:53;|  
name:Позитив Плюс;email:director@positiv-plus.com.ua;phone:+380675012561;source:20140929_forum;DataTime:2015-03-22 23:27;|  
name:гостиница &quotALFAVITO&quot;email:sales@alfavito.com.ua;phone:067-657-13-11;source:20140929_forum;DataTime:2015-03-23 09:07;|  
name:отель ALFAVITO;email:corporate@alfavito.com.ua;phone:067 218 30 57;source:20140929_forum;DataTime:2015-03-23 09:09;|  
name:Отель &quotАЛФАВИТО&quot;email:lu_da@list.ru;phone:0671332597;source:20140929_forum;DataTime:2015-03-23 09:11;|  
name:Премьер Интернешнл;email:laramyan@phnr.com;phone:380675040744;source:20140929_forum;DataTime:2015-03-23 09:43;|  
name:Турклуб Персей;email:ekonomtn@ukr.net;phone:0679336958;source:20140929_forum;DataTime:2015-03-23 09:53;|  
name:Никанорова;email:sova-tour@ukr.net;phone:0671942949;source:20140929_forum;DataTime:2015-03-23 09:53;|  
name:Турклуб Персей;email:ekonomtn@ukr.net;phone:0679336958;source:20140929_forum;DataTime:2015-03-23 09:53;|  
name:аквариум путевок;email:lana.lana.sss@mail.ru;phone:0503866765;source:20140929_forum;DataTime:2015-03-23 10:48;|  
name:Milova;email:kievavia@laspi.com;phone:+380503759332;source:20140929_forum;DataTime:2015-03-23 10:59;|  
name:ТикетТурСервис;email:info.tts@ukr.net;phone:0501901105;source:20140929_forum;DataTime:2015-03-23 11:10;|  
name:ПриватБанк;email:dmitriy.manaenkov@privatbank.ua;phone:+380672182020;source:20140929_forum;DataTime:2015-03-23 11:12;|  
name:Білетів Світ;email:tour@bsv.com.ua;phone:3908884;source:20140929_forum;DataTime:2015-03-23 11:28;|  
name:ФОП Наумчук В.П.;email:448793@ukr.net;phone:0504460033;source:20140929_forum;DataTime:2015-03-23 11:33;|  
name:АН НОВЫЙ СВЕТ ;email:elena.kulish@privatbank.ua;phone:+380971757410;source:20140929_forum;DataTime:2015-03-23 11:47;|  
name:Частное лицо;email:anna.golovchenko7@gmail.com;phone:+380507824135;source:20140929_forum;DataTime:2015-03-23 11:51;|  
name:АК  Дарт;email:boginyaya@gmail.com;phone:0634546665;source:20140929_forum;DataTime:2015-03-23 11:57;|  
name:Turist;email:pls@ukr.net;phone:+38 (097) 929-36-62;source:20140929_forum;DataTime:2015-03-23 12:19;|  
name:АФФА;email:ninamail@ukr.net;phone:0507070940;source:20140929_forum;DataTime:2015-03-23 12:40;|  
name:Скайклаб;email:ekaterina.potemska@skyclub.kiev.ua;phone:0632338383;source:20140929_forum;DataTime:2015-03-23 12:49;|  
name:турист;email:ksusheno4ka@gmail.com;phone:0507858103;source:20140929_forum;DataTime:2015-03-23 13:00;|  
name:турист;email:ksusheno4ka@gmail.com;phone:0507858103;source:20140929_forum;DataTime:2015-03-23 13:02;|  
name:ООО&quotАллигатор Тур&quot;email:tetyana.alligatortour@gmail.com;phone:0673038120;source:20140929_forum;DataTime:2015-03-23 13:04;|  
name:GLOBUS-UKRAINA;email:lidiya@globusua.com;phone:+380 50 308 92 75;source:20140929_forum;DataTime:2015-03-23 13:12;|  
name:&quotГоризонт ХХІ&quot;email:sales3@horison.kiev.ua;phone:0664060080;source:20140929_forum;DataTime:2015-03-23 13:32;|  
name:В2С;email:lanasky@mail.ru;phone:0982752858;source:20140929_forum;DataTime:2015-03-23 13:34;|  
name:Traveline Agency;email:irina@travelonline.com.ua;phone:050 3313224;source:20140929_forum;DataTime:2015-03-23 13:38;|  
name:Инкомартур 93;email:volkovskyi@gmail.com;phone:380672475813;source:20140929_forum;DataTime:2015-03-23 13:41;|  
name:CORAL TRAVEL;email:iryna.kozhykina@coraltravel.ua;phone:+380676853536;source:20140929_forum;DataTime:2015-03-23 14:01;|  
name:Capital Travel Group;email:ctglarissa@mail.ru;phone:050 6498745;source:20140929_forum;DataTime:2015-03-23 14:25;|  
name:Хватова;email:khvatova@karavanlux.com;phone:+380503203515;source:20140929_forum;DataTime:2015-03-23 14:34;|  
name:турист;email:slaaashka@gmail.com;phone:0633080010;source:20140929_forum;DataTime:2015-03-23 14:39;|  
name:АВЕК ТРЕВЕЛ;email:vixs@ukr.net;phone:4403926;source:20140929_forum;DataTime:2015-03-23 14:46;|  
name:ЕПІЦЕНТР К;email:popovich@epicentrk.com.ua;phone:0503804691;source:20140929_forum;DataTime:2015-03-23 14:52;|  
name:Отель Корона;email:alyona@korona.in.ua;phone:+38-095-288-78-78;source:20140929_forum;DataTime:2015-03-23 15:06;|  
name:Pro Capital Group;email:a.kutova@pro-capital.ua;phone:044 5915252;source:20140929_forum;DataTime:2015-03-23 15:47;|  
name:МАУС-Тревел;email:anna-troshyna@mail.ru;phone:0503269986;source:20140929_forum;DataTime:2015-03-23 16:15;|  
name:DaisyTravel;email:daisytravel2012@gmail.com;phone:0503336546;source:20140929_forum;DataTime:2015-03-23 16:15;|  
name:Киевстар;email:oksana.baylo@kyivstar.net;phone:380672209026;source:20140929_forum;DataTime:2015-03-23 16:25;|  
name:Поехали с нами;email:igorlevchyk@gmail.com;phone:0442331472;source:20140929_forum;DataTime:2015-03-23 16:26;|  
name:МандроМара;email:info@mandromara.com;phone:+380503111469;source:20140929_forum;DataTime:2015-03-23 16:30;|  
name:China2day;email:edu@china2day.com.ua;phone:0669888505;source:20140929_forum;DataTime:2015-03-23 16:42;|  
name:no name;email:deemon_21@ukr.net;phone:+380503332666;source:20140929_forum;DataTime:2015-03-23 17:22;|  
name:TRIME;email:mtkachenko@trime.ua;phone:0673699453;source:20140929_forum;DataTime:2015-03-23 17:50;|  
name:В2С;email:liber_fly@mail.ru;phone:0937900565;source:20140929_forum;DataTime:2015-03-23 18:10;|  
name:72380210;email:oleg.alieksandrov@rj.com;phone:044 2563020;source:20140929_forum;DataTime:2015-03-23 18:20;|  
name:72380210;email:anna.plakhta@rj.com;phone:044 2563020;source:20140929_forum;DataTime:2015-03-23 18:21;|  
name:ЧП Клио-Сервис;email:clioservice@gmail.com;phone:+380506253870;source:20140929_forum;DataTime:2015-03-23 19:29;|  
name:Импала Тревел;email:denisods@gmail.com;phone:+380500669819;source:20140929_forum;DataTime:2015-03-23 20:13;|  
name:ТОВ Пилот;email:tatyanavdovichenko@mail.ru;phone:380679300085;source:20140929_forum;DataTime:2015-03-23 21:16;|  
name:Турист;email:vita.skliar@gmail.com;phone:+380951197777;source:20140929_forum;DataTime:2015-03-23 21:22;|  
name:турист;email:sergienko.katia2013@yandex.ru;phone:0931258861;source:20140929_forum;DataTime:2015-03-23 21:25;|  
name:stupas;email:stupas@mail.ru;phone:0501339449;source:20140929_forum;DataTime:2015-03-23 21:51;|  
name:поехали с нами;email:radmila999@ukr.net;phone:0444259009;source:20140929_forum;DataTime:2015-03-23 21:53;|  
name:Бизнес класс;email:galusja@mail.ru;phone:0503527513;source:20140929_forum;DataTime:2015-03-23 21:58;|  
name:UNI MAPS TRAVEL;email:unimaptravel@gmail.com;phone:0672409065;source:20140929_forum;DataTime:2015-03-23 22:14;|  
name:Partour;email:1117_2011@mail.ru;phone:0992139155;source:20140929_forum;DataTime:2015-03-23 22:26;|  
name:АВЕК ТРЕВЕЛ;email:vixs@ukr.net;phone:0662230468;source:20140929_forum;DataTime:2015-03-23 22:40;|  
name:Yakushova Natalia;email:yakushova@meta.ua;phone:+380668478491;source:20140929_forum;DataTime:2015-03-23 22:57;|  
name:ФОП Чорноус ИВ;email:media-store@ukr.net;phone:+380682013216;source:20140929_forum;DataTime:2015-03-23 23:01;|  
name:Зайцева;email:s.a.zayceva@mail.ru;phone:0508344203;source:20140929_forum;DataTime:2015-03-23 23:13;|  
name:Артекс;email:giuliait77@gmail.com;phone:0442530009;source:20140929_forum;DataTime:2015-03-23 23:14;|  
name:Корум Вояж;email:v.kupchenko87@gmail.com;phone:0937455157;source:20140929_forum;DataTime:2015-03-23 23:46;|  
name:HRG SkyTravel;email:lysenko.bogdan@mail.com;phone:+380677654044;source:20140929_forum;DataTime:2015-03-24 07:43;|  
name:Эмирейтс;email:olga.tyshchuk@emirates.com;phone:0674001039;source:20140929_forum;DataTime:2015-03-24 08:59;|  
name:Emirtaes;email:s597989@emirates.com;phone:+380637330025;source:20140929_forum;DataTime:2015-03-24 09:32;|  
name:NAFTA CRUISES;email:r_berezov@naftacruises.com.ua;phone:066-6716566;source:20140929_forum;DataTime:2015-03-24 10:05;|  
name:Antonov;email:dimon-avt@mail.ru;phone:0931969063;source:20140929_forum;DataTime:2015-03-24 10:15;|  
name:Лимпопо;email:ann_4_freedom@yahoo.com;phone:+380983758388;source:20140929_forum;DataTime:2015-03-24 10:59;|  
name:орион;email:oriontravel@gmail.com;phone:0973734543;source:20140929_forum;DataTime:2015-03-24 11:03;|  
name:орион;email:oriontravel@gmail.com;phone:0973734543;source:20140929_forum;DataTime:2015-03-24 11:03;|  
name:орион;email:oriontravel@gmail.com;phone:0973734543;source:20140929_forum;DataTime:2015-03-24 11:03;|  
name:орион;email:oriontravel@gmail.com;phone:0973734543;source:20140929_forum;DataTime:2015-03-24 11:03;|  
name:орион;email:oriontravel01@gmail.com;phone:0973734543;source:20140929_forum;DataTime:2015-03-24 11:03;|  
name:ФЛП Осьмак Т.А. ;email:osmaktanya@mail.ru;phone:0673597420;source:20140929_forum;DataTime:2015-03-24 11:10;|  
name:TUI;email:alyonakudry@mail.ru;phone:0934416606;source:20140929_forum;DataTime:2015-03-24 11:14;|  
name:Aeroplan;email:partner@aeroplan.org.ua;phone:0632846050;source:20140929_forum;DataTime:2015-03-24 12:59;|  
name:Aeroplan;email:partner@aeroplan.org.ua;phone:0632846050;source:20140929_forum;DataTime:2015-03-24 13:00;|  
name:Topmall;email:a.kudria@topmall.ua;phone:+380967123900;source:20140929_forum;DataTime:2015-03-24 13:03;|  
name:Swasta;email:amoremio2505@mail.ru;phone:+380636312395;source:20140929_forum;DataTime:2015-03-24 13:17;|  
name:мамба;email:katkova_y@rambler.ru;phone:0939617779;source:20140929_forum;DataTime:2015-03-24 13:18;|  
name:Смарт Лайн Тревел;email:v.kozub@smart-line.com.ua;phone:0934658990;source:20140929_forum;DataTime:2015-03-24 13:19;|  
name:Join Up;email:lia.altukhova@joinup.ua;phone:+380678605906;source:20140929_forum;DataTime:2015-03-24 16:01;|  
name:Join Up;email:air@joinup.com.ua;phone:+380678605906;source:20140929_forum;DataTime:2015-03-24 16:15;|  
name:Городяненко;email:edik_18@mail.ru;phone:+380678938604;source:20140929_forum;DataTime:2015-03-24 20:56;|  
name:Кепитал медиа баинг;email:don@cmb.com.ua;phone:0503106380;source:20140929_forum;DataTime:2015-03-24 22:12;|  
name:Кепитал медиа баинг;email:don@cmb.com.ua;phone:0503106380;source:20140929_forum;DataTime:2015-03-24 22:12;|  
name:ФЛП Пелюгина ;email:viptour.i@mail.ru;phone:+380661996011;source:20140929_forum;DataTime:2015-03-24 22:14;|  
name:А-Санни Тревел;email:alex_ukr_2005@ukr.net;phone:0671240969;source:20140929_forum;DataTime:2015-03-24 23:48;|  
name:А-Санни Тревел;email:ponomar2005@ukr.net;phone:0671240969;source:20140929_forum;DataTime:2015-03-24 23:52;|  
name:Интер континент груп;email:inter-group@ukr.net;phone:+3800443377389;source:20140929_forum;DataTime:2015-03-25 08:29;|  
name:Best Travel Agency;email:bta.kiev@yandex.ua;phone:067-507-72-10;source:20140929_forum;DataTime:2015-03-25 09:34;|  
name:Банк;email:yana.cherdaklieva@creditwest.ua;phone:095-288-65-36;source:20140929_forum;DataTime:2015-03-25 14:50;|  
name:Банк;email:yana.cherdaklieva@creditwest.ua;phone:095-288-65-36;source:20140929_forum;DataTime:2015-03-25 14:50;|  
name:Банк;email:yana.cherdaklieva@creditwest.ua;phone:095-288-65-36;source:20140929_forum;DataTime:2015-03-25 14:50;|  
name:Банк;email:yana.cherdaklieva@creditwest.ua;phone:095-288-65-36;source:20140929_forum;DataTime:2015-03-25 14:50;|  
name:BabeM6;email:vasya_muxin@bk.ru;phone:123456;source:20140929_forum;DataTime:2015-04-18 14:43;|  
name:Batler;email:nic7@mail.ru;phone:123456;source:20140929_forum;DataTime:2015-05-22 15:25;|  
name:Аирлайф;email:a.demchenko@airlife.ua;phone:097 000 00 00;source:20140929_forum;DataTime:2015-06-04 15:36;|  
name:Аирлайф;email:lady_ann.d@mail.ru;phone:097 000 00 00;source:20140929_forum;DataTime:2015-06-04 15:37;|  
name:Физ лицо;email:ludmula_tsushko@i.ua;phone:0979319539;source:20140929_forum;DataTime:2015-06-22 23:04;|  
name:аэропорт Харьков;email:hrk.aero@ua.fm;phone:0577283630;source:20140929_forum;DataTime:2015-07-06 14:30;|  
name:21532;email:airclaim@rambler.ru;phone:+380980220044;source:20140929_forum;DataTime:2015-07-19 17:15;|  
name:Калій;email:volodiakaliy@gmail.com;phone:0509963796;source:20140929_forum;DataTime:2015-07-20 10:37;|  
name:Музенидис Трэвел;email:iantonets@mzt.ua;phone:0990302984;source:20140929_forum;DataTime:2015-08-03 11:19;|  
name:Музенидис Трэвел;email:iantonets@mzt.ua;phone:0990302984;source:20140929_forum;DataTime:2015-08-03 11:19;|  
name:Инфо-Курс;email:agent.info-kurs@ukr.net;phone:+380631848550;source:20140929_forum;DataTime:2015-08-05 10:30;|  
name:Инфо-Курс;email:agent.info-kurs@ukr.net;phone:+380631848550;source:20140929_forum;DataTime:2015-08-05 10:33;|  
name:VampAdd;email:vampadd@mail.ru;phone:123456;source:20140929_forum;DataTime:2015-08-15 21:25;|  
name:VampAdd;email:vampadd@mail.ru;phone:123456;source:20140929_forum;DataTime:2015-08-15 21:25;|  
name:VampAdd;email:vampadd@mail.ru;phone:123456;source:20140929_forum;DataTime:2015-08-15 21:25;|  
name:VampAdd;email:vampadd@mail.ru;phone:123456;source:20140929_forum;DataTime:2015-08-15 21:25;|  
name:VampAdd;email:vampadd@mail.ru;phone:123456;source:20140929_forum;DataTime:2015-08-15 21:25;|  
name:VampAdd;email:vampadd@mail.ru;phone:123456;source:20140929_forum;DataTime:2015-08-15 21:25;|  
name:VampAdd;email:vampadd@mail.ru;phone:123456;source:20140929_forum;DataTime:2015-08-15 21:25;|  
name:VampAdd;email:vampadd@mail.ru;phone:123456;source:20140929_forum;DataTime:2015-08-15 21:25;|  
name:VampAdd;email:vampadd@mail.ru;phone:123456;source:20140929_forum;DataTime:2015-08-15 21:25;|  
name:VampAdd;email:vampadd@mail.ru;phone:123456;source:20140929_forum;DataTime:2015-08-15 21:25;|  
name:VampAdd;email:vampadd@mail.ru;phone:123456;source:20140929_forum;DataTime:2015-08-15 21:26;|  
name:АО &quotПЛАСКЕ&quot;email:gds@plaske.ua;phone:050-333-56-60;source:20140929_forum;DataTime:2015-08-18 10:09;|  
name:MaggiLow;email:maggilow@mail.ru;phone:123456;source:20140929_forum;DataTime:2015-08-19 03:46;|  
name:MaggiLow;email:maggilow@mail.ru;phone:123456;source:20140929_forum;DataTime:2015-08-19 03:46;|  
name:MaggiLow;email:maggilow@mail.ru;phone:123456;source:20140929_forum;DataTime:2015-08-19 03:46;|  
name:MaggiLow;email:maggilow@mail.ru;phone:123456;source:20140929_forum;DataTime:2015-08-19 03:46;|  
name:MaggiLow;email:maggilow@mail.ru;phone:123456;source:20140929_forum;DataTime:2015-08-19 03:46;|  
name:MaggiLow;email:maggilow@mail.ru;phone:123456;source:20140929_forum;DataTime:2015-08-19 03:46;|  
name:MaggiLow;email:maggilow@mail.ru;phone:123456;source:20140929_forum;DataTime:2015-08-19 03:46;|  
name:MaggiLow;email:maggilow@mail.ru;phone:123456;source:20140929_forum;DataTime:2015-08-19 03:46;|  
name:MaggiLow;email:maggilow@mail.ru;phone:123456;source:20140929_forum;DataTime:2015-08-19 03:46;|  
name:MaggiLow;email:maggilow@mail.ru;phone:123456;source:20140929_forum;DataTime:2015-08-19 03:46;|  
name:MaggiLow;email:maggilow@mail.ru;phone:123456;source:20140929_forum;DataTime:2015-08-19 03:47;|  
name:Дени Тур;email:olifir@denitour.com;phone:+380504425947;source:20140929_forum;DataTime:2015-08-21 10:45;|  
name:Дени Тур;email:olifir@denitour.com;phone:+380504425947;source:20140929_forum;DataTime:2015-08-21 11:05;|  
name:Ghost55u;email:ghost55u@mail.ru;phone:123456;source:20140929_forum;DataTime:2015-08-21 15:27;|  
name:частник;email:polosa@i.ua;phone:0506694838;source:20140929_forum;DataTime:2015-08-21 20:56;|  
name:частник;email:polosa@i.ua;phone:0505557043;source:20140929_forum;DataTime:2015-08-21 20:56;|  
name:Інтегрітес;email:v.danyleiko@gmail.com;phone:0636047159;source:20140929_forum;DataTime:2015-08-22 10:43;|  
name:Інтегрітес;email:v.danyleiko@gmail.com;phone:0636047159;source:20140929_forum;DataTime:2015-08-22 10:43;|  
name:72324313 ;email:olzabolotna@mail.ru;phone:0972520739;source:20140929_forum;DataTime:2015-08-22 17:19;|  
name:ИТС;email:olzabolotna@mail.ru;phone:0972520739;source:20140929_forum;DataTime:2015-08-22 17:20;|  
name:goexcursion.com;email:valk@goexcursion.net;phone:0505009897;source:20140929_forum;DataTime:2015-08-23 11:12;|  
name:GoExcursion;email:sganziy@ukr.net;phone:0677400871;source:20140929_forum;DataTime:2015-08-23 12:14;|  
name:Sprut77t;email:sprut77t@mail.ru;phone:123456;source:20140929_forum;DataTime:2015-08-23 20:56;|  
name:Sprut77t;email:sprut77t@mail.ru;phone:123456;source:20140929_forum;DataTime:2015-08-23 20:56;|  
name:Гамалия;email:tsironyan@hamalia.ua;phone:0672478983;source:20140929_forum;DataTime:2015-08-24 19:45;|  
name:EviTours;email:souzana@edlit.auth.gr;phone:+306976323232;source:20140929_forum;DataTime:2015-08-25 21:52;|  
name:журнал &quotМир Туризма&quot;email:yuliana.cinema@gmail.com;phone:0937680533;source:20140929_forum;DataTime:2015-08-26 11:03;|  
name:LLC SILPO VOYAGE;email:vi.kaliuzhna@fozzy.ua;phone:380999369064;source:20140929_forum;DataTime:2015-08-26 11:37;|  
name:LLC SILPO VOYAGE;email:vi.kaliuzhna@fozzy.ua;phone:380999369064;source:20140929_forum;DataTime:2015-08-26 11:38;|  
name:ООО &quotСильпо Вояж&quot;email:vi.kaliuzhna@fozzy.ua;phone:380999369064;source:20140929_forum;DataTime:2015-08-26 11:41;|  
name:OOO &quotСильпо Вояж&quot;email:o.mehanna@fozzy.ua;phone:+380 (67) 987-92-29;source:20140929_forum;DataTime:2015-08-26 11:44;|  
name:Anonim;email:sashakmets@yandex.ru;phone:0664097748;source:20140929_forum;DataTime:2015-11-04 10:20;|  
name:Anonim;email:sashakmets@yandex.ru;phone:0664097748;source:20140929_forum;DataTime:2015-11-04 10:23;|  
name:Anonim2;email:sashakmets@yandex.ru;phone:0639237502;source:20140929_forum;DataTime:2015-11-04 10:25;|  
name:Anonim3;email:sashakmets@yandex.ru;phone:0987654321;source:20140929_forum;DataTime:2015-11-04 10:29;|  
name:Anonim;email:sashakmets@yandex.ru;phone:0664097748;source:20140929_forum;DataTime:2015-11-04 10:40;|  
name:Anonim2;email:sashakmets@yandex.ru;phone:0639237502;source:20140929_forum;DataTime:2015-11-04 10:41;|  
name:Anonim3;email:sashakmets@yandex.ru;phone:0987654321;source:20140929_forum;DataTime:2015-11-04 10:42;|  
name:Капраль;email:mediaplayer.com.ua@gmail.com;phone:+380(66) 984-15-68;source:20140929_forum;DataTime:2015-11-04 23:24;|  
name:Капраль;email:mediaplayer.com.ua@gmail.com;phone:+380(66) 984-15-68;source:20140929_forum;DataTime:2015-11-05 00:09;|  
name:Капраль;email:mediaplayer.com.ua@gmail.com;phone:+380(66) 984-15-68;source:20140929_forum;DataTime:2015-11-05 00:25;|  
name:Anonim;email:sashakmets@yandex.ru;phone:0664097748;source:20140929_forum;DataTime:2015-11-05 00:43;|  
name:Anonim2;email:sashakmets@yandex.ru;phone:0639237502;source:20140929_forum;DataTime:2015-11-05 00:45;|  
name:Anonim;email:sashakmets@yandex.ru;phone:0664097748;source:20140929_forum;DataTime:2015-11-05 01:08;|  
name:Anonim2;email:sashakmets@yandex.ru;phone:0664097748;source:20140929_forum;DataTime:2015-11-05 01:09;|  
name:Anonim3;email:sashakmets@yandex.ru;phone:0987654321;source:20140929_forum;DataTime:2015-11-05 01:11;|  
name:Anonim;email:sashakmets@yandex.ru;phone:0664097748;source:20140929_forum;DataTime:2015-11-05 01:18;|  
name:Anonim2;email:sashakmets@yandex.ru;phone:0639237502;source:20140929_forum;DataTime:2015-11-05 01:19;|  
name:Anonim3;email:sashakmets@yandex.ru;phone:0987654321;source:20140929_forum;DataTime:2015-11-05 01:20;|  
name:Anonim;email:sashakmets@yandex.ru;phone:0664097748;source:20140929_forum;DataTime:2015-11-05 01:33;|  
name:Anonim2;email:sashakmets@yandex.ru;phone:0639237502;source:20140929_forum;DataTime:2015-11-05 01:34;|  
name:Anonim3;email:sashakmets@yandex.ru;phone:0987654321;source:20140929_forum;DataTime:2015-11-05 01:35;|  
name:Anonim;email:sashakmets@yandex.ru;phone:0664097748;source:20140929_forum;DataTime:2015-11-05 01:37;|  
name:Anonim2;email:sashakmets@yandex.ru;phone:0639237502;source:20140929_forum;DataTime:2015-11-05 01:53;|  
name:Anonim2;email:sashakmets@yandex.ru;phone:0639237502;source:20140929_forum;DataTime:2015-11-05 01:57;|  
name:Anonim2;email:sashakmets@yandex.ru;phone:0639237502;source:20140929_forum;DataTime:2015-11-05 01:59;|  
name:Anonim3;email:sashakmets@yandex.ru;phone:0987654321;source:20140929_forum;DataTime:2015-11-05 02:01;|  
name:Anonim;email:sashakmets@yandex.ru;phone:0664097748;source:20140929_forum;DataTime:2015-11-05 02:03;|  
name:Anonim2;email:sashakmets@yandex.ru;phone:0639237502;source:20140929_forum;DataTime:2015-11-05 02:04;|  
name:Anonim3;email:sashakmets@yandex.ru;phone:0987654321;source:20140929_forum;DataTime:2015-11-05 02:05;|  
name:Anonim;email:sashakmets@yandex.ru;phone:0664097748;source:20140929_forum;DataTime:2015-11-05 02:07;|  
name:Anonim2;email:sashakmets@yandex.ru;phone:0639237502;source:20140929_forum;DataTime:2015-11-05 02:10;|  
name:Anonim3;email:sashakmets@yandex.ru;phone:0987654321;source:20140929_forum;DataTime:2015-11-05 02:28;|  
name:Anonim;email:sashakmets@yandex.ru;phone:0664097748;source:20140929_forum;DataTime:2015-11-05 02:31;|  
name:Anonim2;email:sashakmets@yandex.ru;phone:0639237502;source:20140929_forum;DataTime:2015-11-05 02:32;|  
name:Anonim3;email:sashakmets@yandex.ru;phone:0987654321;source:20140929_forum;DataTime:2015-11-05 02:34;|  
name:Anonim;email:sashakmets@yandex.ru;phone:0639237502;source:20140929_forum;DataTime:2015-11-05 02:35;|  
name:Anonim;email:sashakmets@yandex.ru;phone:0664097748;source:20140929_forum;DataTime:2015-11-05 06:48;|  
name:Anonim2;email:sashakmets@yandex.ru;phone:0639237502;source:20140929_forum;DataTime:2015-11-05 06:50;|  
name:Anonim2;email:sashakmets@yandex.ru;phone:0639237502;source:20140929_forum;DataTime:2015-11-05 06:51;|  
name:Anonim;email:sashakmets@yandex.ru;phone:0664097748;source:20140929_forum;DataTime:2015-11-05 06:52;|  
name:Anonim3;email:sashakmets@yandex.ru;phone:0987654321;source:20140929_forum;DataTime:2015-11-05 06:53;|  
name:Anonim;email:sashakmets@yandex.ru;phone:0664097748;source:20140929_forum;DataTime:2015-11-05 06:54;|  
name:Anonim2;email:sashakmets@yandex.ru;phone:0639237502;source:20140929_forum;DataTime:2015-11-05 06:55;|  
name:Anonim3;email:sashakmets@yandex.ru;phone:0987654321;source:20140929_forum;DataTime:2015-11-05 06:55;|  
name:Osadchy;email:ussr@ussr.kiev.ua;phone:+380672008543;source:20140929_forum;DataTime:2015-11-05 12:14;|  
name:;email:;phone:096;source:20140929_forum;DataTime:2015-11-05 12:46;|  
name:;email:vadimmobil@mail.ru;phone:;source:20140929_forum;DataTime:2015-11-05 12:46;|  
name:Ковач;email:management@ktd.hu;phone:+380955730231;source:20140929_forum;DataTime:2015-11-06 05:59;|  
